<?xml version="1.0" encoding="UTF-8"?>
<testng-results ignored="0" total="1" passed="0" failed="1" skipped="0">
  <reporter-output>
    <line>
      <![CDATA[CookiesScreen Displayed]]>
    </line>
    <line>
      <![CDATA[TermsAndConditionsScreen Displayed and screenshot taken]]>
    </line>
    <line>
      <![CDATA[TermsAndConditionsErrorPopupScreen Displayed and screenshot taken]]>
    </line>
    <line>
      <![CDATA[Welcome TO Unibank Screen Displayed and screenshot taken]]>
    </line>
    <line>
      <![CDATA[User in WElcome Screen to perform Registration]]>
    </line>
  </reporter-output>
  <suite started-at="2023-12-11T12:22:28 IST" name="Default suite" finished-at="2023-12-11T12:23:33 IST" duration-ms="64983">
    <groups>
      <group name="Level1">
        <method signature="UDBMobileSuite1.testUDBRegistration(org.testng.ITestContext,java.util.HashMap)[pri:1, instance:com.unisys.udb.suite.UDBMobileSuite1@2a8448fa]" name="testUDBRegistration" class="com.unisys.udb.suite.UDBMobileSuite1"/>
      </group> <!-- Level1 -->
    </groups>
    <test started-at="2023-12-11T12:22:28 IST" name="Default test" finished-at="2023-12-11T12:23:33 IST" duration-ms="64983">
      <class name="com.unisys.udb.suite.UDBMobileSuite1">
        <test-method is-config="true" signature="beforeSuite(org.testng.ITestContext)[pri:0, instance:com.unisys.udb.suite.UDBMobileSuite1@2a8448fa]" started-at="2023-12-11T12:22:01 IST" name="beforeSuite" finished-at="2023-12-11T12:22:28 IST" duration-ms="26747" status="PASS">
          <params>
            <param index="0">
              <value>
                <![CDATA[org.testng.TestRunner@53c68ce]]>
              </value>
            </param>
          </params>
          <reporter-output>
          </reporter-output>
        </test-method> <!-- beforeSuite -->
        <test-method is-config="true" signature="beforeMethod(org.testng.ITestContext)[pri:0, instance:com.unisys.udb.suite.UDBMobileSuite1@2a8448fa]" started-at="2023-12-11T12:22:28 IST" name="beforeMethod" finished-at="2023-12-11T12:22:28 IST" duration-ms="26" status="PASS">
          <params>
            <param index="0">
              <value>
                <![CDATA[org.testng.TestRunner@53c68ce]]>
              </value>
            </param>
          </params>
          <reporter-output>
          </reporter-output>
        </test-method> <!-- beforeMethod -->
        <test-method signature="testUDBRegistration(org.testng.ITestContext,java.util.HashMap)[pri:1, instance:com.unisys.udb.suite.UDBMobileSuite1@2a8448fa]" started-at="2023-12-11T12:22:28 IST" name="testUDBRegistration" data-provider="csvDataProvider" finished-at="2023-12-11T12:23:33 IST" duration-ms="64385" status="FAIL">
          <params>
            <param index="0">
              <value>
                <![CDATA[org.testng.TestRunner@53c68ce]]>
              </value>
            </param>
            <param index="1">
              <value>
                <![CDATA[{TestCaseNumber=C6, TestCaseName=Complete AcceptCookies and Terms}]]>
              </value>
            </param>
          </params>
          <exception class="java.lang.AssertionError">
            <message>
              <![CDATA[expected [Verify it's you] but found [Cancel]]]>
            </message>
            <full-stacktrace>
              <![CDATA[java.lang.AssertionError: expected [Verify it's you] but found [Cancel]
at org.testng.Assert.fail(Assert.java:111)
at org.testng.Assert.failNotEquals(Assert.java:1578)
at org.testng.Assert.assertEqualsImpl(Assert.java:150)
at org.testng.Assert.assertEquals(Assert.java:132)
at org.testng.Assert.assertEquals(Assert.java:656)
at org.testng.Assert.assertEquals(Assert.java:666)
at com.unisys.udb.page.RegistrationPage.performRegistrationProcess(RegistrationPage.java:125)
at com.unisys.udb.suite.UDBMobileSuite1.testUDBRegistration(UDBMobileSuite1.java:73)
at java.base/jdk.internal.reflect.NativeMethodAccessorImpl.invoke0(Native Method)
at java.base/jdk.internal.reflect.NativeMethodAccessorImpl.invoke(NativeMethodAccessorImpl.java:77)
at java.base/jdk.internal.reflect.DelegatingMethodAccessorImpl.invoke(DelegatingMethodAccessorImpl.java:43)
at java.base/java.lang.reflect.Method.invoke(Method.java:568)
at org.testng.internal.invokers.MethodInvocationHelper.invokeMethod(MethodInvocationHelper.java:139)
at org.testng.internal.invokers.TestInvoker.invokeMethod(TestInvoker.java:664)
at org.testng.internal.invokers.TestInvoker.invokeTestMethod(TestInvoker.java:227)
at org.testng.internal.invokers.MethodRunner.runInSequence(MethodRunner.java:50)
at org.testng.internal.invokers.TestInvoker$MethodInvocationAgent.invoke(TestInvoker.java:957)
at org.testng.internal.invokers.TestInvoker.invokeTestMethods(TestInvoker.java:200)
at org.testng.internal.invokers.TestMethodWorker.invokeTestMethods(TestMethodWorker.java:148)
at org.testng.internal.invokers.TestMethodWorker.run(TestMethodWorker.java:128)
at java.base/java.util.ArrayList.forEach(ArrayList.java:1511)
at org.testng.TestRunner.privateRun(TestRunner.java:848)
at org.testng.TestRunner.run(TestRunner.java:621)
at org.testng.SuiteRunner.runTest(SuiteRunner.java:443)
at org.testng.SuiteRunner.runSequentially(SuiteRunner.java:437)
at org.testng.SuiteRunner.privateRun(SuiteRunner.java:397)
at org.testng.SuiteRunner.run(SuiteRunner.java:336)
at org.testng.SuiteRunnerWorker.runSuite(SuiteRunnerWorker.java:52)
at org.testng.SuiteRunnerWorker.run(SuiteRunnerWorker.java:95)
at org.testng.TestNG.runSuitesSequentially(TestNG.java:1280)
at org.testng.TestNG.runSuitesLocally(TestNG.java:1200)
at org.testng.TestNG.runSuites(TestNG.java:1114)
at org.testng.TestNG.run(TestNG.java:1082)
at org.testng.remote.AbstractRemoteTestNG.run(AbstractRemoteTestNG.java:115)
at org.testng.remote.RemoteTestNG.initAndRun(RemoteTestNG.java:251)
at org.testng.remote.RemoteTestNG.main(RemoteTestNG.java:77)
]]>
            </full-stacktrace>
          </exception> <!-- java.lang.AssertionError -->
          <reporter-output>
            <line>
              <![CDATA[CookiesScreen Displayed]]>
            </line>
            <line>
              <![CDATA[TermsAndConditionsScreen Displayed and screenshot taken]]>
            </line>
            <line>
              <![CDATA[TermsAndConditionsErrorPopupScreen Displayed and screenshot taken]]>
            </line>
            <line>
              <![CDATA[Welcome TO Unibank Screen Displayed and screenshot taken]]>
            </line>
            <line>
              <![CDATA[User in WElcome Screen to perform Registration]]>
            </line>
          </reporter-output>
        </test-method> <!-- testUDBRegistration -->
        <test-method is-config="true" signature="afterMethod(org.testng.ITestResult)[pri:0, instance:com.unisys.udb.suite.UDBMobileSuite1@2a8448fa]" started-at="2023-12-11T12:23:33 IST" name="afterMethod" finished-at="2023-12-11T12:23:33 IST" duration-ms="451" status="PASS">
          <params>
            <param index="0">
              <value>
                <![CDATA[[TestResult name=testUDBRegistration status=FAILURE method=UDBMobileSuite1.testUDBRegistration(org.testng.ITestContext,java.util.HashMap)[pri:1, instance:com.unisys.udb.suite.UDBMobileSuite1@2a8448fa] output=CookiesScreen Displayed]]]>
              </value>
            </param>
          </params>
          <reporter-output>
          </reporter-output>
        </test-method> <!-- afterMethod -->
        <test-method is-config="true" signature="afterSuite(org.testng.ITestContext)[pri:0, instance:com.unisys.udb.suite.UDBMobileSuite1@2a8448fa]" started-at="2023-12-11T12:23:33 IST" name="afterSuite" finished-at="2023-12-11T12:23:34 IST" duration-ms="1197" status="PASS">
          <params>
            <param index="0">
              <value>
                <![CDATA[org.testng.TestRunner@53c68ce]]>
              </value>
            </param>
          </params>
          <reporter-output>
          </reporter-output>
        </test-method> <!-- afterSuite -->
      </class> <!-- com.unisys.udb.suite.UDBMobileSuite1 -->
    </test> <!-- Default test -->
  </suite> <!-- Default suite -->
</testng-results>
